<?xml version="1.0" encoding="UTF-8"?>
<testng-results skipped="0" failed="0" ignored="0" total="1" passed="1">
  <reporter-output>
  </reporter-output>
  <suite name="Suite" duration-ms="16125" started-at="2022-02-19T14:36:11 PST" finished-at="2022-02-19T14:36:27 PST">
    <groups>
    </groups>
    <test name="Test" duration-ms="16125" started-at="2022-02-19T14:36:11 PST" finished-at="2022-02-19T14:36:27 PST">
      <class name="com.test.simpleCRUDWithTecharchApplication.TechArchApiTestEndToEnd">
        <test-method status="PASS" signature="allTest()[pri:0, instance:com.test.simpleCRUDWithTecharchApplication.TechArchApiTestEndToEnd@1f57539]" name="allTest" duration-ms="16041" started-at="2022-02-19T14:36:11 PST" finished-at="2022-02-19T14:36:27 PST">
          <reporter-output>
          </reporter-output>
        </test-method> <!-- allTest -->
      </class> <!-- com.test.simpleCRUDWithTecharchApplication.TechArchApiTestEndToEnd -->
    </test> <!-- Test -->
  </suite> <!-- Suite -->
</testng-results>
